<?xml version="1.0" encoding="UTF-8"?>
<!-- Generated by org.testng.reporters.JUnitXMLReporter -->
<testsuite hostname="SCPrWSAP22" ignored="0" name="Default test" tests="20" failures="0" timestamp="22 Apr 2019 08:03:39 GMT" time="0.251" errors="0">
  <testcase name="@BeforeTest setUp" time="0.156" classname="com.jawwy.modules.Jawwy_SugarCRM">
    <failure type="java.lang.NullPointerException">
      <![CDATA[java.lang.NullPointerException
at com.jawwy.modules.Jawwy_SugarCRM.setUp(Jawwy_SugarCRM.java:74)
at sun.reflect.NativeMethodAccessorImpl.invoke0(Native Method)
at sun.reflect.NativeMethodAccessorImpl.invoke(Unknown Source)
at sun.reflect.DelegatingMethodAccessorImpl.invoke(Unknown Source)
at java.lang.reflect.Method.invoke(Unknown Source)
at org.testng.internal.MethodInvocationHelper.invokeMethod(MethodInvocationHelper.java:124)
at org.testng.internal.MethodInvocationHelper.invokeMethodConsideringTimeout(MethodInvocationHelper.java:59)
at org.testng.internal.Invoker.invokeConfigurationMethod(Invoker.java:455)
at org.testng.internal.Invoker.invokeConfigurations(Invoker.java:222)
at org.testng.internal.Invoker.invokeConfigurations(Invoker.java:142)
at org.testng.TestRunner.beforeRun(TestRunner.java:529)
at org.testng.TestRunner.run(TestRunner.java:497)
at org.testng.SuiteRunner.runTest(SuiteRunner.java:455)
at org.testng.SuiteRunner.runSequentially(SuiteRunner.java:450)
at org.testng.SuiteRunner.privateRun(SuiteRunner.java:415)
at org.testng.SuiteRunner.run(SuiteRunner.java:364)
at org.testng.SuiteRunnerWorker.runSuite(SuiteRunnerWorker.java:52)
at org.testng.SuiteRunnerWorker.run(SuiteRunnerWorker.java:84)
at org.testng.TestNG.runSuitesSequentially(TestNG.java:1208)
at org.testng.TestNG.runSuitesLocally(TestNG.java:1137)
at org.testng.TestNG.runSuites(TestNG.java:1049)
at org.testng.TestNG.run(TestNG.java:1017)
at org.testng.remote.AbstractRemoteTestNG.run(AbstractRemoteTestNG.java:114)
at org.testng.remote.RemoteTestNG.initAndRun(RemoteTestNG.java:251)
at org.testng.remote.RemoteTestNG.main(RemoteTestNG.java:77)
]]>
    </failure>
  </testcase> <!-- @BeforeTest setUp -->
  <testcase name="@AfterTest tearDown" time="0.0" classname="com.jawwy.modules.Jawwy_SugarCRM">
    <skipped/>
  </testcase> <!-- @AfterTest tearDown -->
  <testcase name="verify_SugarCRMLogin" time="0.0" classname="com.jawwy.modules.Jawwy_SugarCRM">
    <skipped/>
  </testcase> <!-- verify_SugarCRMLogin -->
  <testcase name="verify_SugarCRMOrderIdSearch" time="0.0" classname="com.jawwy.modules.Jawwy_SugarCRM">
    <skipped/>
  </testcase> <!-- verify_SugarCRMOrderIdSearch -->
  <testcase name="verify_SugarCRM_AddressContractsDocsContacts" time="0.0" classname="com.jawwy.modules.Jawwy_SugarCRM">
    <skipped/>
  </testcase> <!-- verify_SugarCRM_AddressContractsDocsContacts -->
  <testcase name="verify_SugarCRM_BarMSISDN" time="0.0" classname="com.jawwy.modules.Jawwy_SugarCRM">
    <skipped/>
  </testcase> <!-- verify_SugarCRM_BarMSISDN -->
  <testcase name="verify_SugarCRM_BarSubList" time="0.0" classname="com.jawwy.modules.Jawwy_SugarCRM">
    <skipped/>
  </testcase> <!-- verify_SugarCRM_BarSubList -->
  <testcase name="verify_SugarCRM_CaseCreationError_CasePage" time="0.0" classname="com.jawwy.modules.Jawwy_SugarCRM">
    <skipped/>
  </testcase> <!-- verify_SugarCRM_CaseCreationError_CasePage -->
  <testcase name="verify_SugarCRM_CaseCreation_AssignCase" time="0.0" classname="com.jawwy.modules.Jawwy_SugarCRM">
    <skipped/>
  </testcase> <!-- verify_SugarCRM_CaseCreation_AssignCase -->
  <testcase name="verify_SugarCRM_CaseCreation_CasePage" time="0.0" classname="com.jawwy.modules.Jawwy_SugarCRM">
    <skipped/>
  </testcase> <!-- verify_SugarCRM_CaseCreation_CasePage -->
  <testcase name="verify_SugarCRM_CaseCreation_ContactPage" time="0.0" classname="com.jawwy.modules.Jawwy_SugarCRM">
    <skipped/>
  </testcase> <!-- verify_SugarCRM_CaseCreation_ContactPage -->
  <testcase name="verify_SugarCRM_EstoreOrdersStatusContacts" time="0.0" classname="com.jawwy.modules.Jawwy_SugarCRM">
    <skipped/>
  </testcase> <!-- verify_SugarCRM_EstoreOrdersStatusContacts -->
  <testcase name="verify_SugarCRM_MSISDNSearch" time="0.0" classname="com.jawwy.modules.Jawwy_SugarCRM">
    <skipped/>
  </testcase> <!-- verify_SugarCRM_MSISDNSearch -->
  <testcase name="verify_SugarCRM_RefferalContacts" time="0.0" classname="com.jawwy.modules.Jawwy_SugarCRM">
    <skipped/>
  </testcase> <!-- verify_SugarCRM_RefferalContacts -->
  <testcase name="verify_SugarCRM_SearchCaseFilter" time="0.0" classname="com.jawwy.modules.Jawwy_SugarCRM">
    <skipped/>
  </testcase> <!-- verify_SugarCRM_SearchCaseFilter -->
  <testcase name="verify_SugarCRM_SearchEditContacts" time="0.0" classname="com.jawwy.modules.Jawwy_SugarCRM">
    <skipped/>
  </testcase> <!-- verify_SugarCRM_SearchEditContacts -->
  <testcase name="verify_SugarCRM_Search_CustTypeContacts" time="0.0" classname="com.jawwy.modules.Jawwy_SugarCRM">
    <skipped/>
  </testcase> <!-- verify_SugarCRM_Search_CustTypeContacts -->
  <testcase name="verify_SugarCRM_Search_EditCase_Error" time="0.0" classname="com.jawwy.modules.Jawwy_SugarCRM">
    <skipped/>
  </testcase> <!-- verify_SugarCRM_Search_EditCase_Error -->
  <testcase name="verify_SugarCRM_TelcoEstoreOrdersContacts" time="0.0" classname="com.jawwy.modules.Jawwy_SugarCRM">
    <skipped/>
  </testcase> <!-- verify_SugarCRM_TelcoEstoreOrdersContacts -->
  <testcase name="verify_SugarCRM_UnBarMSISDN" time="0.0" classname="com.jawwy.modules.Jawwy_SugarCRM">
    <skipped/>
  </testcase> <!-- verify_SugarCRM_UnBarMSISDN -->
  <testcase name="verify_SugarCRM_UnBarSubList" time="0.0" classname="com.jawwy.modules.Jawwy_SugarCRM">
    <skipped/>
  </testcase> <!-- verify_SugarCRM_UnBarSubList -->
  <testcase name="verify_SugarCRM_ViewContacts" time="0.0" classname="com.jawwy.modules.Jawwy_SugarCRM">
    <skipped/>
  </testcase> <!-- verify_SugarCRM_ViewContacts -->
</testsuite> <!-- Default test -->
