<?xml version="1.0" encoding="UTF-8"?>
<!-- Generated by org.testng.reporters.JUnitXMLReporter -->
<testsuite hostname="SAPP-JW-Alfresco" ignored="31" name="verify_SugarCRM_FCR_Report_Updated_Export" tests="1" failures="0" timestamp="07 May 2019 07:31:10 GMT" time="58.088" errors="0">
  <testcase name="verify_SugarCRM_CasesReport_Export" time="42.767" classname="com.jawwy.modules.Jawwy_SugarCRM"/>
  <testcase name="verify_SugarCRM_TelcoEstoreOrdersContacts" time="0.0" classname="com.jawwy.modules.Jawwy_SugarCRM">
    <ignored/>
  </testcase> <!-- verify_SugarCRM_TelcoEstoreOrdersContacts -->
  <testcase name="verify_SugarCRMOrderIdSearch" time="0.0" classname="com.jawwy.modules.Jawwy_SugarCRM">
    <ignored/>
  </testcase> <!-- verify_SugarCRMOrderIdSearch -->
  <testcase name="verify_SugarCRM_EstoreOrdersStatusContacts" time="0.0" classname="com.jawwy.modules.Jawwy_SugarCRM">
    <ignored/>
  </testcase> <!-- verify_SugarCRM_EstoreOrdersStatusContacts -->
  <testcase name="verify_SugarCRM_AddressContractsDocsContacts" time="0.0" classname="com.jawwy.modules.Jawwy_SugarCRM">
    <ignored/>
  </testcase> <!-- verify_SugarCRM_AddressContractsDocsContacts -->
  <testcase name="verify_SugarCRM_BarMSISDN" time="0.0" classname="com.jawwy.modules.Jawwy_SugarCRM">
    <ignored/>
  </testcase> <!-- verify_SugarCRM_BarMSISDN -->
  <testcase name="verify_SugarCRM_MSISDNSearch" time="0.0" classname="com.jawwy.modules.Jawwy_SugarCRM">
    <ignored/>
  </testcase> <!-- verify_SugarCRM_MSISDNSearch -->
  <testcase name="verify_SugarCRM_CaseCreation_CasePage" time="0.0" classname="com.jawwy.modules.Jawwy_SugarCRM">
    <ignored/>
  </testcase> <!-- verify_SugarCRM_CaseCreation_CasePage -->
  <testcase name="verify_SugarCRM_CaseCreation_AssignCase" time="0.0" classname="com.jawwy.modules.Jawwy_SugarCRM">
    <ignored/>
  </testcase> <!-- verify_SugarCRM_CaseCreation_AssignCase -->
  <testcase name="verify_SugarCRM_RefferalContacts" time="0.0" classname="com.jawwy.modules.Jawwy_SugarCRM">
    <ignored/>
  </testcase> <!-- verify_SugarCRM_RefferalContacts -->
  <testcase name="verify_SugarCRM_Search_ClosedStatusCaseTabView" time="0.0" classname="com.jawwy.modules.Jawwy_SugarCRM">
    <ignored/>
  </testcase> <!-- verify_SugarCRM_Search_ClosedStatusCaseTabView -->
  <testcase name="verify_SugarCRM_SearchEditContacts" time="0.0" classname="com.jawwy.modules.Jawwy_SugarCRM">
    <ignored/>
  </testcase> <!-- verify_SugarCRM_SearchEditContacts -->
  <testcase name="verify_SugarCRM_Search_CustTypeContacts" time="0.0" classname="com.jawwy.modules.Jawwy_SugarCRM">
    <ignored/>
  </testcase> <!-- verify_SugarCRM_Search_CustTypeContacts -->
  <testcase name="verify_SugarCRM_Search_ViewCase" time="0.0" classname="com.jawwy.modules.Jawwy_SugarCRM">
    <ignored/>
  </testcase> <!-- verify_SugarCRM_Search_ViewCase -->
  <testcase name="verify_SugarCRM_SearchCaseFilter" time="0.0" classname="com.jawwy.modules.Jawwy_SugarCRM">
    <ignored/>
  </testcase> <!-- verify_SugarCRM_SearchCaseFilter -->
  <testcase name="verify_SugarCRM_Schedulers_TLSUP" time="0.0" classname="com.jawwy.modules.Jawwy_SugarCRM">
    <ignored/>
  </testcase> <!-- verify_SugarCRM_Schedulers_TLSUP -->
  <testcase name="verify_SugarCRM_CaseCreation_ContactPage" time="0.0" classname="com.jawwy.modules.Jawwy_SugarCRM">
    <ignored/>
  </testcase> <!-- verify_SugarCRM_CaseCreation_ContactPage -->
  <testcase name="verify_SugarCRM_Search_EditCase_MSISDNList" time="0.0" classname="com.jawwy.modules.Jawwy_SugarCRM">
    <ignored/>
  </testcase> <!-- verify_SugarCRM_Search_EditCase_MSISDNList -->
  <testcase name="verify_SugarCRM_Search_ClosedStatusCaseTab" time="0.0" classname="com.jawwy.modules.Jawwy_SugarCRM">
    <ignored/>
  </testcase> <!-- verify_SugarCRM_Search_ClosedStatusCaseTab -->
  <testcase name="verify_SugarCRM_Tabs" time="0.0" classname="com.jawwy.modules.Jawwy_SugarCRM">
    <ignored/>
  </testcase> <!-- verify_SugarCRM_Tabs -->
  <testcase name="verify_SugarCRM_CasesTab_SubList" time="0.0" classname="com.jawwy.modules.Jawwy_SugarCRM">
    <ignored/>
  </testcase> <!-- verify_SugarCRM_CasesTab_SubList -->
  <testcase name="verify_SugarCRM_UnBarSubList" time="0.0" classname="com.jawwy.modules.Jawwy_SugarCRM">
    <ignored/>
  </testcase> <!-- verify_SugarCRM_UnBarSubList -->
  <testcase name="verify_SugarCRM_BarSubList" time="0.0" classname="com.jawwy.modules.Jawwy_SugarCRM">
    <ignored/>
  </testcase> <!-- verify_SugarCRM_BarSubList -->
  <testcase name="verify_SugarCRMLogin" time="0.0" classname="com.jawwy.modules.Jawwy_SugarCRM">
    <ignored/>
  </testcase> <!-- verify_SugarCRMLogin -->
  <testcase name="verify_SugarCRM_SearchCase_L1AssignOneHour" time="0.0" classname="com.jawwy.modules.Jawwy_SugarCRM">
    <ignored/>
  </testcase> <!-- verify_SugarCRM_SearchCase_L1AssignOneHour -->
  <testcase name="verify_SugarCRM_ViewContacts" time="0.0" classname="com.jawwy.modules.Jawwy_SugarCRM">
    <ignored/>
  </testcase> <!-- verify_SugarCRM_ViewContacts -->
  <testcase name="verify_SugarCRM_SimStatusTerminated_Order" time="0.0" classname="com.jawwy.modules.Jawwy_SugarCRM">
    <ignored/>
  </testcase> <!-- verify_SugarCRM_SimStatusTerminated_Order -->
  <testcase name="verify_SugarCRM_Search_EditCase_CategoryError" time="0.0" classname="com.jawwy.modules.Jawwy_SugarCRM">
    <ignored/>
  </testcase> <!-- verify_SugarCRM_Search_EditCase_CategoryError -->
  <testcase name="verify_SugarCRM_CaseCreationError_CasePage" time="0.0" classname="com.jawwy.modules.Jawwy_SugarCRM">
    <ignored/>
  </testcase> <!-- verify_SugarCRM_CaseCreationError_CasePage -->
  <testcase name="verify_SugarCRM_UnBarMSISDN" time="0.0" classname="com.jawwy.modules.Jawwy_SugarCRM">
    <ignored/>
  </testcase> <!-- verify_SugarCRM_UnBarMSISDN -->
  <testcase name="verify_SugarCRM_Search_EditCase" time="0.0" classname="com.jawwy.modules.Jawwy_SugarCRM">
    <ignored/>
  </testcase> <!-- verify_SugarCRM_Search_EditCase -->
  <testcase name="verify_SugarCRM_ContactsTab_SubList" time="0.0" classname="com.jawwy.modules.Jawwy_SugarCRM">
    <ignored/>
  </testcase> <!-- verify_SugarCRM_ContactsTab_SubList -->
</testsuite> <!-- verify_SugarCRM_FCR_Report_Updated_Export -->
