<?xml version="1.0" encoding="UTF-8"?>
<!-- Generated by org.testng.reporters.JUnitXMLReporter -->
<testsuite hostname="SCPrWSAP22" ignored="9" name="verify_SugarCRM_Search_CustTypeContacts" tests="1" failures="0" timestamp="12 Apr 2019 08:41:11 GMT" time="33.538" errors="0">
  <testcase name="verify_SugarCRM_Search_CustTypeContacts" time="27.131" classname="com.jawwy.modules.Jawwy_SugarCRM"/>
  <testcase name="verify_SugarCRM_RefferalContacts" time="0.0" classname="com.jawwy.modules.Jawwy_SugarCRM">
    <ignored/>
  </testcase> <!-- verify_SugarCRM_RefferalContacts -->
  <testcase name="verify_SugarCRM_TelcoEstoreOrdersContacts" time="0.0" classname="com.jawwy.modules.Jawwy_SugarCRM">
    <ignored/>
  </testcase> <!-- verify_SugarCRM_TelcoEstoreOrdersContacts -->
  <testcase name="verify_SugarCRMOrderIdSearch" time="0.0" classname="com.jawwy.modules.Jawwy_SugarCRM">
    <ignored/>
  </testcase> <!-- verify_SugarCRMOrderIdSearch -->
  <testcase name="verify_SugarCRM_EstoreOrdersStatusContacts" time="0.0" classname="com.jawwy.modules.Jawwy_SugarCRM">
    <ignored/>
  </testcase> <!-- verify_SugarCRM_EstoreOrdersStatusContacts -->
  <testcase name="verify_SugarCRM_SearchEditContacts" time="0.0" classname="com.jawwy.modules.Jawwy_SugarCRM">
    <ignored/>
  </testcase> <!-- verify_SugarCRM_SearchEditContacts -->
  <testcase name="verify_SugarCRMLogin" time="0.0" classname="com.jawwy.modules.Jawwy_SugarCRM">
    <ignored/>
  </testcase> <!-- verify_SugarCRMLogin -->
  <testcase name="verify_SugarCRM_ViewContacts" time="0.0" classname="com.jawwy.modules.Jawwy_SugarCRM">
    <ignored/>
  </testcase> <!-- verify_SugarCRM_ViewContacts -->
  <testcase name="verify_SugarCRM_AddressContractsDocsContacts" time="0.0" classname="com.jawwy.modules.Jawwy_SugarCRM">
    <ignored/>
  </testcase> <!-- verify_SugarCRM_AddressContractsDocsContacts -->
  <testcase name="verify_SugarCRM_MSISDNSearch" time="0.0" classname="com.jawwy.modules.Jawwy_SugarCRM">
    <ignored/>
  </testcase> <!-- verify_SugarCRM_MSISDNSearch -->
</testsuite> <!-- verify_SugarCRM_Search_CustTypeContacts -->
