<?xml version="1.0" encoding="UTF-8"?>
<!-- Generated by org.testng.reporters.JUnitXMLReporter -->
<testsuite hostname="SCPrWSAP22" ignored="3" name="verify_Notification_TemplateID38" tests="1" failures="0" timestamp="03 May 2019 12:29:27 GMT" time="19.132" errors="0">
  <testcase name="verify_Notification_TemplateID38" time="14.867" classname="com.jawwy.modules.Jawwy_ODC"/>
  <testcase name="verify_Notification_TemplateID" time="0.0" classname="com.jawwy.modules.Jawwy_ODC">
    <ignored/>
  </testcase> <!-- verify_Notification_TemplateID -->
  <testcase name="verify_Notification_TemplateID37" time="0.0" classname="com.jawwy.modules.Jawwy_ODC">
    <ignored/>
  </testcase> <!-- verify_Notification_TemplateID37 -->
  <testcase name="verify_Notification_TemplateID34" time="0.0" classname="com.jawwy.modules.Jawwy_ODC">
    <ignored/>
  </testcase> <!-- verify_Notification_TemplateID34 -->
</testsuite> <!-- verify_Notification_TemplateID38 -->
