<?xml version="1.0" encoding="UTF-8"?>
<!-- Generated by org.testng.reporters.JUnitXMLReporter -->
<testsuite hostname="SAPP-JW-Alfresco" ignored="7" name="verify_SSOExistingUserLogin" tests="1" failures="0" timestamp="13 May 2019 09:53:26 GMT" time="92.528" errors="0">
  <testcase name="verify_SSOExistingUserLogin" time="73.443" classname="com.jawwy.modules.Jawwy_SSO"/>
  <testcase name="verify_SSO_TwitterSignIn_MyProfileUpdate" time="0.0" classname="com.jawwy.modules.Jawwy_SSO">
    <ignored/>
  </testcase> <!-- verify_SSO_TwitterSignIn_MyProfileUpdate -->
  <testcase name="verify_SSORegisterUser" time="0.0" classname="com.jawwy.modules.Jawwy_SSO">
    <ignored/>
  </testcase> <!-- verify_SSORegisterUser -->
  <testcase name="verify_SSO_GoogleSignIn" time="0.0" classname="com.jawwy.modules.Jawwy_SSO">
    <ignored/>
  </testcase> <!-- verify_SSO_GoogleSignIn -->
  <testcase name="verify_SSO_TwitterSignIn" time="0.0" classname="com.jawwy.modules.Jawwy_SSO">
    <ignored/>
  </testcase> <!-- verify_SSO_TwitterSignIn -->
  <testcase name="verify_SSO_GoogleSignIn_MyProfileUpdate" time="0.0" classname="com.jawwy.modules.Jawwy_SSO">
    <ignored/>
  </testcase> <!-- verify_SSO_GoogleSignIn_MyProfileUpdate -->
  <testcase name="verify_SSOExistingUserMyProfileUpdate" time="0.0" classname="com.jawwy.modules.Jawwy_SSO">
    <ignored/>
  </testcase> <!-- verify_SSOExistingUserMyProfileUpdate -->
  <testcase name="verify_SSO_ForgotPasswordLink" time="0.0" classname="com.jawwy.modules.Jawwy_SSO">
    <ignored/>
  </testcase> <!-- verify_SSO_ForgotPasswordLink -->
</testsuite> <!-- verify_SSOExistingUserLogin -->
