<?xml version="1.0" encoding="UTF-8"?>
<!-- Generated by org.testng.reporters.JUnitXMLReporter -->
<testsuite hostname="SCPrWSAP22" ignored="4" name="verify_RMS_Login_EmptyCreds" tests="1" failures="0" timestamp="25 Mar 2019 08:41:12 GMT" time="20.516" errors="0">
  <testcase name="verify_RMS_Login_EmptyCreds" time="13.138" classname="com.jawwy.modules.Jawwy_RMS"/>
  <testcase name="verify_RMS_Login_InvalidCreds" time="0.0" classname="com.jawwy.modules.Jawwy_RMS">
    <ignored/>
  </testcase> <!-- verify_RMS_Login_InvalidCreds -->
  <testcase name="verify_RMS_Login_InvalidUsername" time="0.0" classname="com.jawwy.modules.Jawwy_RMS">
    <ignored/>
  </testcase> <!-- verify_RMS_Login_InvalidUsername -->
  <testcase name="verify_RMS_Login_InvalidPassword" time="0.0" classname="com.jawwy.modules.Jawwy_RMS">
    <ignored/>
  </testcase> <!-- verify_RMS_Login_InvalidPassword -->
  <testcase name="verify_RMS_Login" time="0.0" classname="com.jawwy.modules.Jawwy_RMS">
    <ignored/>
  </testcase> <!-- verify_RMS_Login -->
</testsuite> <!-- verify_RMS_Login_EmptyCreds -->
