<?xml version="1.0" encoding="UTF-8"?>
<!-- Generated by org.testng.reporters.JUnitXMLReporter -->
<testsuite hostname="SCPrWSAP22" ignored="10" name="verify_ViewDealerListSearch" tests="1" failures="0" timestamp="02 Apr 2019 09:17:12 GMT" time="109.291" errors="0">
  <testcase name="verify_ViewDealerListSearch" time="102.717" classname="com.jawwy.modules.Jawwy_ADM_Portal"/>
  <testcase name="verify_NewAgentCreation" time="0.0" classname="com.jawwy.modules.Jawwy_ADM_Portal">
    <ignored/>
  </testcase> <!-- verify_NewAgentCreation -->
  <testcase name="verify_ViewDistributorListSearch" time="0.0" classname="com.jawwy.modules.Jawwy_ADM_Portal">
    <ignored/>
  </testcase> <!-- verify_ViewDistributorListSearch -->
  <testcase name="verify_UploadAgentUserFile" time="0.0" classname="com.jawwy.modules.Jawwy_ADM_Portal">
    <ignored/>
  </testcase> <!-- verify_UploadAgentUserFile -->
  <testcase name="verify_NewLocationCreation" time="0.0" classname="com.jawwy.modules.Jawwy_ADM_Portal">
    <ignored/>
  </testcase> <!-- verify_NewLocationCreation -->
  <testcase name="verify_ViewLocationListSearch" time="0.0" classname="com.jawwy.modules.Jawwy_ADM_Portal">
    <ignored/>
  </testcase> <!-- verify_ViewLocationListSearch -->
  <testcase name="verify_NewDistributorCreation" time="0.0" classname="com.jawwy.modules.Jawwy_ADM_Portal">
    <ignored/>
  </testcase> <!-- verify_NewDistributorCreation -->
  <testcase name="verify_UploadDistributorFile" time="0.0" classname="com.jawwy.modules.Jawwy_ADM_Portal">
    <ignored/>
  </testcase> <!-- verify_UploadDistributorFile -->
  <testcase name="verify_UploadLocationUserFile" time="0.0" classname="com.jawwy.modules.Jawwy_ADM_Portal">
    <ignored/>
  </testcase> <!-- verify_UploadLocationUserFile -->
  <testcase name="verify_NewDealerCreation" time="0.0" classname="com.jawwy.modules.Jawwy_ADM_Portal">
    <ignored/>
  </testcase> <!-- verify_NewDealerCreation -->
  <testcase name="verify_UploadDealerFile" time="0.0" classname="com.jawwy.modules.Jawwy_ADM_Portal">
    <ignored/>
  </testcase> <!-- verify_UploadDealerFile -->
</testsuite> <!-- verify_ViewDealerListSearch -->
