<?xml version="1.0" encoding="UTF-8"?>
<!-- Generated by org.testng.reporters.JUnitXMLReporter -->
<testsuite hostname="SAPP-JW-Alfresco" ignored="1" name="verify_Notification_Details_OMS_CnCOrder_SugarCRM" tests="1" failures="0" timestamp="09 May 2019 14:23:45 GMT" time="23.485" errors="0">
  <testcase name="verify_Notification_Details_OrderID" time="14.746" classname="com.jawwy.modules.Jawwy_OMS"/>
  <testcase name="verify_Notification_Details_ICCID" time="0.0" classname="com.jawwy.modules.Jawwy_OMS">
    <ignored/>
  </testcase> <!-- verify_Notification_Details_ICCID -->
</testsuite> <!-- verify_Notification_Details_OMS_CnCOrder_SugarCRM -->
