<?xml version="1.0" encoding="UTF-8"?>
<!-- Generated by org.testng.reporters.JUnitXMLReporter -->
<testsuite hostname="SCPrWSAP22" ignored="2" name="verify_Notification_TemplateID34" tests="1" failures="0" timestamp="02 May 2019 08:27:09 GMT" time="19.022" errors="0">
  <testcase name="verify_Notification_TemplateID34" time="14.263" classname="com.jawwy.modules.Jawwy_ODC"/>
  <testcase name="verify_Notification_TemplateID" time="0.0" classname="com.jawwy.modules.Jawwy_ODC">
    <ignored/>
  </testcase> <!-- verify_Notification_TemplateID -->
  <testcase name="verify_Notification_TemplateID37" time="0.0" classname="com.jawwy.modules.Jawwy_ODC">
    <ignored/>
  </testcase> <!-- verify_Notification_TemplateID37 -->
</testsuite> <!-- verify_Notification_TemplateID34 -->
