<?xml version="1.0" encoding="UTF-8"?>
<!-- Generated by org.testng.reporters.JUnitXMLReporter -->
<testsuite hostname="SCPrWSAP22" ignored="18" name="verify_NewAddressCreation" tests="1" failures="1" timestamp="04 Apr 2019 08:05:12 GMT" time="55.641" errors="0">
  <testcase name="verify_NewAddressCreation" time="49.382" classname="com.jawwy.modules.Jawwy_ADM_Portal">
    <failure type="java.lang.AssertionError">
      <![CDATA[java.lang.AssertionError
at org.junit.Assert.fail(Assert.java:86)
at org.junit.Assert.assertTrue(Assert.java:41)
at org.junit.Assert.assertTrue(Assert.java:52)
at com.jawwy.modules.Jawwy_ADM_Portal.verify_NewAddressCreation(Jawwy_ADM_Portal.java:2312)
... Removed 25 stack frames]]>
    </failure>
  </testcase> <!-- verify_NewAddressCreation -->
  <testcase name="verify_NewAgentCreation" time="0.0" classname="com.jawwy.modules.Jawwy_ADM_Portal">
    <ignored/>
  </testcase> <!-- verify_NewAgentCreation -->
  <testcase name="verify_UploadAgentUserFile" time="0.0" classname="com.jawwy.modules.Jawwy_ADM_Portal">
    <ignored/>
  </testcase> <!-- verify_UploadAgentUserFile -->
  <testcase name="verify_NewLocationCreation" time="0.0" classname="com.jawwy.modules.Jawwy_ADM_Portal">
    <ignored/>
  </testcase> <!-- verify_NewLocationCreation -->
  <testcase name="verify_CommissionReportDownload" time="0.0" classname="com.jawwy.modules.Jawwy_ADM_Portal">
    <ignored/>
  </testcase> <!-- verify_CommissionReportDownload -->
  <testcase name="verify_ViewAddressListSearch" time="0.0" classname="com.jawwy.modules.Jawwy_ADM_Portal">
    <ignored/>
  </testcase> <!-- verify_ViewAddressListSearch -->
  <testcase name="verify_UploadDistributorFile" time="0.0" classname="com.jawwy.modules.Jawwy_ADM_Portal">
    <ignored/>
  </testcase> <!-- verify_UploadDistributorFile -->
  <testcase name="verify_NewDistributorCreation" time="0.0" classname="com.jawwy.modules.Jawwy_ADM_Portal">
    <ignored/>
  </testcase> <!-- verify_NewDistributorCreation -->
  <testcase name="verify_ViewAgentListSearch" time="0.0" classname="com.jawwy.modules.Jawwy_ADM_Portal">
    <ignored/>
  </testcase> <!-- verify_ViewAgentListSearch -->
  <testcase name="verify_UploadLocationUserFile" time="0.0" classname="com.jawwy.modules.Jawwy_ADM_Portal">
    <ignored/>
  </testcase> <!-- verify_UploadLocationUserFile -->
  <testcase name="verify_UploadDealerFile" time="0.0" classname="com.jawwy.modules.Jawwy_ADM_Portal">
    <ignored/>
  </testcase> <!-- verify_UploadDealerFile -->
  <testcase name="verify_ViewDistributorListSearch" time="0.0" classname="com.jawwy.modules.Jawwy_ADM_Portal">
    <ignored/>
  </testcase> <!-- verify_ViewDistributorListSearch -->
  <testcase name="verify_ViewCommissionListSearch" time="0.0" classname="com.jawwy.modules.Jawwy_ADM_Portal">
    <ignored/>
  </testcase> <!-- verify_ViewCommissionListSearch -->
  <testcase name="verify_ViewLocationListSearch" time="0.0" classname="com.jawwy.modules.Jawwy_ADM_Portal">
    <ignored/>
  </testcase> <!-- verify_ViewLocationListSearch -->
  <testcase name="verify_ViewDealerListSearch" time="0.0" classname="com.jawwy.modules.Jawwy_ADM_Portal">
    <ignored/>
  </testcase> <!-- verify_ViewDealerListSearch -->
  <testcase name="verify_AddCommissionConfig" time="0.0" classname="com.jawwy.modules.Jawwy_ADM_Portal">
    <ignored/>
  </testcase> <!-- verify_AddCommissionConfig -->
  <testcase name="verify_NewCommissionCreation" time="0.0" classname="com.jawwy.modules.Jawwy_ADM_Portal">
    <ignored/>
  </testcase> <!-- verify_NewCommissionCreation -->
  <testcase name="verify_NewDealerCreation" time="0.0" classname="com.jawwy.modules.Jawwy_ADM_Portal">
    <ignored/>
  </testcase> <!-- verify_NewDealerCreation -->
  <testcase name="verify_ViewCommissionConfigListSearch" time="0.0" classname="com.jawwy.modules.Jawwy_ADM_Portal">
    <ignored/>
  </testcase> <!-- verify_ViewCommissionConfigListSearch -->
</testsuite> <!-- verify_NewAddressCreation -->
