<?xml version="1.0" encoding="UTF-8"?>
<!-- Generated by org.testng.reporters.JUnitXMLReporter -->
<testsuite hostname="SCPrWSAP22" ignored="4" name="verify_UploadBulkUser" tests="1" failures="1" timestamp="01 Apr 2019 10:37:23 GMT" time="49.356" errors="0">
  <testcase name="verify_UploadBulkUser" time="43.314" classname="com.jawwy.modules.Jawwy_ADM_Portal">
    <failure type="java.lang.AssertionError">
      <![CDATA[java.lang.AssertionError
at org.junit.Assert.fail(Assert.java:86)
at org.junit.Assert.assertTrue(Assert.java:41)
at org.junit.Assert.assertTrue(Assert.java:52)
at com.jawwy.modules.Jawwy_ADM_Portal.verify_UploadBulkUser(Jawwy_ADM_Portal.java:612)
... Removed 25 stack frames]]>
    </failure>
  </testcase> <!-- verify_UploadBulkUser -->
  <testcase name="verify_NewAgentCreation" time="0.0" classname="com.jawwy.modules.Jawwy_ADM_Portal">
    <ignored/>
  </testcase> <!-- verify_NewAgentCreation -->
  <testcase name="verify_NewLocationCreation" time="0.0" classname="com.jawwy.modules.Jawwy_ADM_Portal">
    <ignored/>
  </testcase> <!-- verify_NewLocationCreation -->
  <testcase name="verify_NewDistributorCreation" time="0.0" classname="com.jawwy.modules.Jawwy_ADM_Portal">
    <ignored/>
  </testcase> <!-- verify_NewDistributorCreation -->
  <testcase name="verify_NewDealerCreation" time="0.0" classname="com.jawwy.modules.Jawwy_ADM_Portal">
    <ignored/>
  </testcase> <!-- verify_NewDealerCreation -->
</testsuite> <!-- verify_UploadBulkUser -->
