<?xml version="1.0" encoding="UTF-8"?>
<!-- Generated by org.testng.reporters.JUnitXMLReporter -->
<testsuite hostname="SAPP-JW-Alfresco" ignored="4" name="verify_Notification_TemplateID39" tests="1" failures="0" timestamp="05 May 2019 16:39:16 GMT" time="23.074" errors="0">
  <testcase name="verify_Notification_TemplateID39" time="15.983" classname="com.jawwy.modules.Jawwy_ODC"/>
  <testcase name="verify_Notification_TemplateID38" time="0.0" classname="com.jawwy.modules.Jawwy_ODC">
    <ignored/>
  </testcase> <!-- verify_Notification_TemplateID38 -->
  <testcase name="verify_Notification_TemplateID" time="0.0" classname="com.jawwy.modules.Jawwy_ODC">
    <ignored/>
  </testcase> <!-- verify_Notification_TemplateID -->
  <testcase name="verify_Notification_TemplateID37" time="0.0" classname="com.jawwy.modules.Jawwy_ODC">
    <ignored/>
  </testcase> <!-- verify_Notification_TemplateID37 -->
  <testcase name="verify_Notification_TemplateID34" time="0.0" classname="com.jawwy.modules.Jawwy_ODC">
    <ignored/>
  </testcase> <!-- verify_Notification_TemplateID34 -->
</testsuite> <!-- verify_Notification_TemplateID39 -->
