<?xml version="1.0" encoding="UTF-8"?>
<!-- Generated by org.testng.reporters.JUnitXMLReporter -->
<testsuite hostname="SCPrWSAP22" ignored="11" name="verify_RMS_SIMSTATUS_MNPOUTQUARANTINE_MSISDN" tests="1" failures="0" timestamp="26 Mar 2019 14:44:17 GMT" time="19.571" errors="0">
  <testcase name="@BeforeTest setUp" time="19.539" classname="com.jawwy.modules.Jawwy_RMS">
    <failure type="org.openqa.selenium.WebDriverException" message="java.net.ConnectException: Failed to connect to localhost/0:0:0:0:0:0:0:1:32424
Build info: version: &amp;apos;3.141.59&amp;apos;, revision: &amp;apos;e82be7d358&amp;apos;, time: &amp;apos;2018-11-14T08:25:53&amp;apos;
System info: host: &amp;apos;SCPRWSAP22&amp;apos;, ip: &amp;apos;172.20.185.245&amp;apos;, os.name: &amp;apos;Windows Server 2012 R2&amp;apos;, os.arch: &amp;apos;amd64&amp;apos;, os.version: &amp;apos;6.3&amp;apos;, java.version: &amp;apos;1.8.0_201&amp;apos;
Driver info: driver.version: InternetExplorerDriver">
      <![CDATA[org.openqa.selenium.WebDriverException: java.net.ConnectException: Failed to connect to localhost/0:0:0:0:0:0:0:1:32424
Build info: version: '3.141.59', revision: 'e82be7d358', time: '2018-11-14T08:25:53'
System info: host: 'SCPRWSAP22', ip: '172.20.185.245', os.name: 'Windows Server 2012 R2', os.arch: 'amd64', os.version: '6.3', java.version: '1.8.0_201'
Driver info: driver.version: InternetExplorerDriver
at org.openqa.selenium.remote.service.DriverCommandExecutor.execute(DriverCommandExecutor.java:92)
at org.openqa.selenium.remote.RemoteWebDriver.execute(RemoteWebDriver.java:552)
at org.openqa.selenium.remote.RemoteWebDriver.startSession(RemoteWebDriver.java:213)
at org.openqa.selenium.ie.InternetExplorerDriver.run(InternetExplorerDriver.java:221)
at org.openqa.selenium.ie.InternetExplorerDriver.<init>(InternetExplorerDriver.java:213)
at org.openqa.selenium.ie.InternetExplorerDriver.<init>(InternetExplorerDriver.java:150)
at com.jawwy.modules.Jawwy_RMS.setUp(Jawwy_RMS.java:65)
Caused by: java.net.ConnectException: Failed to connect to localhost/0:0:0:0:0:0:0:1:32424
at okhttp3.internal.connection.RealConnection.connectSocket(RealConnection.java:247)
at okhttp3.internal.connection.RealConnection.connect(RealConnection.java:165)
at okhttp3.internal.connection.StreamAllocation.findConnection(StreamAllocation.java:257)
at okhttp3.internal.connection.StreamAllocation.findHealthyConnection(StreamAllocation.java:135)
at okhttp3.internal.connection.StreamAllocation.newStream(StreamAllocation.java:114)
at okhttp3.internal.connection.ConnectInterceptor.intercept(ConnectInterceptor.java:42)
at okhttp3.internal.http.RealInterceptorChain.proceed(RealInterceptorChain.java:147)
at okhttp3.internal.http.RealInterceptorChain.proceed(RealInterceptorChain.java:121)
at okhttp3.internal.cache.CacheInterceptor.intercept(CacheInterceptor.java:93)
at okhttp3.internal.http.RealInterceptorChain.proceed(RealInterceptorChain.java:147)
at okhttp3.internal.http.RealInterceptorChain.proceed(RealInterceptorChain.java:121)
at okhttp3.internal.http.BridgeInterceptor.intercept(BridgeInterceptor.java:93)
at okhttp3.internal.http.RealInterceptorChain.proceed(RealInterceptorChain.java:147)
at okhttp3.internal.http.RetryAndFollowUpInterceptor.intercept(RetryAndFollowUpInterceptor.java:126)
at okhttp3.internal.http.RealInterceptorChain.proceed(RealInterceptorChain.java:147)
at okhttp3.internal.http.RealInterceptorChain.proceed(RealInterceptorChain.java:121)
at okhttp3.RealCall.getResponseWithInterceptorChain(RealCall.java:200)
at okhttp3.RealCall.execute(RealCall.java:77)
at org.openqa.selenium.remote.internal.OkHttpClient.execute(OkHttpClient.java:103)
at org.openqa.selenium.remote.ProtocolHandshake.createSession(ProtocolHandshake.java:105)
at org.openqa.selenium.remote.ProtocolHandshake.createSession(ProtocolHandshake.java:74)
at org.openqa.selenium.remote.HttpCommandExecutor.execute(HttpCommandExecutor.java:136)
at org.openqa.selenium.remote.service.DriverCommandExecutor.execute(DriverCommandExecutor.java:83)
... 30 more
Caused by: java.net.ConnectException: Connection refused: connect
at java.net.DualStackPlainSocketImpl.waitForConnect(Native Method)
at java.net.DualStackPlainSocketImpl.socketConnect(Unknown Source)
at java.net.AbstractPlainSocketImpl.doConnect(Unknown Source)
at java.net.AbstractPlainSocketImpl.connectToAddress(Unknown Source)
at java.net.AbstractPlainSocketImpl.connect(Unknown Source)
at java.net.PlainSocketImpl.connect(Unknown Source)
at java.net.SocksSocketImpl.connect(Unknown Source)
at java.net.Socket.connect(Unknown Source)
at okhttp3.internal.platform.Platform.connectSocket(Platform.java:129)
at okhttp3.internal.connection.RealConnection.connectSocket(RealConnection.java:245)
... 52 more
... Removed 24 stack frames]]>
    </failure>
  </testcase> <!-- @BeforeTest setUp -->
  <testcase name="@AfterTest tearDown" time="0.0" classname="com.jawwy.modules.Jawwy_RMS">
    <skipped/>
  </testcase> <!-- @AfterTest tearDown -->
  <testcase name="verify_RMS_MSISDNSTATUS_MSISDN" time="0.0" classname="com.jawwy.modules.Jawwy_RMS">
    <skipped/>
  </testcase> <!-- verify_RMS_MSISDNSTATUS_MSISDN -->
  <testcase name="verify_RMS_Login_EmptyPassword" time="0.0" classname="com.jawwy.modules.Jawwy_RMS">
    <ignored/>
  </testcase> <!-- verify_RMS_Login_EmptyPassword -->
  <testcase name="verify_RMS_Login_EmptyUsername" time="0.0" classname="com.jawwy.modules.Jawwy_RMS">
    <ignored/>
  </testcase> <!-- verify_RMS_Login_EmptyUsername -->
  <testcase name="verify_RMS_SearchSIM_ICCID" time="0.0" classname="com.jawwy.modules.Jawwy_RMS">
    <ignored/>
  </testcase> <!-- verify_RMS_SearchSIM_ICCID -->
  <testcase name="verify_RMS_Login_InvalidCreds" time="0.0" classname="com.jawwy.modules.Jawwy_RMS">
    <ignored/>
  </testcase> <!-- verify_RMS_Login_InvalidCreds -->
  <testcase name="verify_RMS_SearchSIM_IMSI" time="0.0" classname="com.jawwy.modules.Jawwy_RMS">
    <ignored/>
  </testcase> <!-- verify_RMS_SearchSIM_IMSI -->
  <testcase name="verify_RMS_Login_EmptyCreds" time="0.0" classname="com.jawwy.modules.Jawwy_RMS">
    <ignored/>
  </testcase> <!-- verify_RMS_Login_EmptyCreds -->
  <testcase name="verify_RMS_SIMSTATUS_MSISDN" time="0.0" classname="com.jawwy.modules.Jawwy_RMS">
    <ignored/>
  </testcase> <!-- verify_RMS_SIMSTATUS_MSISDN -->
  <testcase name="verify_RMS_SearchSIM_MSISDN" time="0.0" classname="com.jawwy.modules.Jawwy_RMS">
    <ignored/>
  </testcase> <!-- verify_RMS_SearchSIM_MSISDN -->
  <testcase name="verify_RMS_Login_InvalidUsername" time="0.0" classname="com.jawwy.modules.Jawwy_RMS">
    <ignored/>
  </testcase> <!-- verify_RMS_Login_InvalidUsername -->
  <testcase name="verify_RMS_Login_InvalidPassword" time="0.0" classname="com.jawwy.modules.Jawwy_RMS">
    <ignored/>
  </testcase> <!-- verify_RMS_Login_InvalidPassword -->
  <testcase name="verify_RMS_Login" time="0.0" classname="com.jawwy.modules.Jawwy_RMS">
    <ignored/>
  </testcase> <!-- verify_RMS_Login -->
</testsuite> <!-- verify_RMS_SIMSTATUS_MNPOUTQUARANTINE_MSISDN -->
