<?xml version="1.0" encoding="UTF-8"?>
<!-- Generated by org.testng.reporters.JUnitXMLReporter -->
<testsuite hostname="SAPP-JW-Alfresco" ignored="2" name="verify_Notification_Details_OMS_POSOrder" tests="1" failures="0" timestamp="10 May 2019 10:00:54 GMT" time="23.941" errors="0">
  <testcase name="verify_Notification_Details_OrderID" time="16.377" classname="com.jawwy.modules.Jawwy_OMS"/>
  <testcase name="verify_Notification_Details_ICCID" time="0.0" classname="com.jawwy.modules.Jawwy_OMS">
    <ignored/>
  </testcase> <!-- verify_Notification_Details_ICCID -->
  <testcase name="verify_Notification_Details_ICCID_ActiveCheck" time="0.0" classname="com.jawwy.modules.Jawwy_OMS">
    <ignored/>
  </testcase> <!-- verify_Notification_Details_ICCID_ActiveCheck -->
</testsuite> <!-- verify_Notification_Details_OMS_POSOrder -->
