<?xml version="1.0" encoding="UTF-8"?>
<!-- Generated by org.testng.reporters.JUnitXMLReporter -->
<testsuite hostname="SAPP-JW-Alfresco" ignored="7" name="verify_SSO_GoogleSignIn" tests="1" failures="1" timestamp="07 May 2019 07:58:09 GMT" time="86.41" errors="0">
  <testcase name="verify_SSO_GoogleSignIn" time="72.465" classname="com.jawwy.modules.Jawwy_SSO">
    <failure type="java.lang.AssertionError">
      <![CDATA[java.lang.AssertionError
at org.junit.Assert.fail(Assert.java:86)
at org.junit.Assert.assertTrue(Assert.java:41)
at org.junit.Assert.assertTrue(Assert.java:52)
at com.jawwy.modules.Jawwy_SSO.verify_SSO_GoogleSignIn(Jawwy_SSO.java:496)
... Removed 25 stack frames]]>
    </failure>
  </testcase> <!-- verify_SSO_GoogleSignIn -->
  <testcase name="verify_SSO_TwitterSignIn_MyProfileUpdate" time="0.0" classname="com.jawwy.modules.Jawwy_SSO">
    <ignored/>
  </testcase> <!-- verify_SSO_TwitterSignIn_MyProfileUpdate -->
  <testcase name="verify_SSORegisterUser" time="0.0" classname="com.jawwy.modules.Jawwy_SSO">
    <ignored/>
  </testcase> <!-- verify_SSORegisterUser -->
  <testcase name="verify_SSO_TwitterSignIn" time="0.0" classname="com.jawwy.modules.Jawwy_SSO">
    <ignored/>
  </testcase> <!-- verify_SSO_TwitterSignIn -->
  <testcase name="verify_SSO_GoogleSignIn_MyProfileUpdate" time="0.0" classname="com.jawwy.modules.Jawwy_SSO">
    <ignored/>
  </testcase> <!-- verify_SSO_GoogleSignIn_MyProfileUpdate -->
  <testcase name="verify_SSOExistingUserLogin" time="0.0" classname="com.jawwy.modules.Jawwy_SSO">
    <ignored/>
  </testcase> <!-- verify_SSOExistingUserLogin -->
  <testcase name="verify_SSOExistingUserMyProfileUpdate" time="0.0" classname="com.jawwy.modules.Jawwy_SSO">
    <ignored/>
  </testcase> <!-- verify_SSOExistingUserMyProfileUpdate -->
  <testcase name="verify_SSO_ForgotPasswordLink" time="0.0" classname="com.jawwy.modules.Jawwy_SSO">
    <ignored/>
  </testcase> <!-- verify_SSO_ForgotPasswordLink -->
</testsuite> <!-- verify_SSO_GoogleSignIn -->
