<?xml version="1.0" encoding="UTF-8"?>
<!-- Generated by org.testng.reporters.JUnitXMLReporter -->
<testsuite hostname="SCPrWSAP22" ignored="11" name="verify_RMS_SIMSTATUS_BARRED_MSISDN" tests="1" failures="0" timestamp="26 Mar 2019 08:22:35 GMT" time="28.315" errors="0">
  <testcase name="verify_RMS_SIMSTATUS_MSISDN" time="22.296" classname="com.jawwy.modules.Jawwy_RMS"/>
  <testcase name="verify_RMS_Login_EmptyUsername" time="0.0" classname="com.jawwy.modules.Jawwy_RMS">
    <ignored/>
  </testcase> <!-- verify_RMS_Login_EmptyUsername -->
  <testcase name="verify_RMS_Login_EmptyPassword" time="0.0" classname="com.jawwy.modules.Jawwy_RMS">
    <ignored/>
  </testcase> <!-- verify_RMS_Login_EmptyPassword -->
  <testcase name="verify_RMS_SearchSIM_ICCID" time="0.0" classname="com.jawwy.modules.Jawwy_RMS">
    <ignored/>
  </testcase> <!-- verify_RMS_SearchSIM_ICCID -->
  <testcase name="verify_RMS_Login_InvalidCreds" time="0.0" classname="com.jawwy.modules.Jawwy_RMS">
    <ignored/>
  </testcase> <!-- verify_RMS_Login_InvalidCreds -->
  <testcase name="verify_RMS_SearchSIM_IMSI" time="0.0" classname="com.jawwy.modules.Jawwy_RMS">
    <ignored/>
  </testcase> <!-- verify_RMS_SearchSIM_IMSI -->
  <testcase name="verify_RMS_Login_EmptyCreds" time="0.0" classname="com.jawwy.modules.Jawwy_RMS">
    <ignored/>
  </testcase> <!-- verify_RMS_Login_EmptyCreds -->
  <testcase name="verify_RMS_SearchSIM_MSISDN" time="0.0" classname="com.jawwy.modules.Jawwy_RMS">
    <ignored/>
  </testcase> <!-- verify_RMS_SearchSIM_MSISDN -->
  <testcase name="verify_RMS_Login_InvalidUsername" time="0.0" classname="com.jawwy.modules.Jawwy_RMS">
    <ignored/>
  </testcase> <!-- verify_RMS_Login_InvalidUsername -->
  <testcase name="verify_RMS_MSISDNSTATUS_MSISDN" time="0.0" classname="com.jawwy.modules.Jawwy_RMS">
    <ignored/>
  </testcase> <!-- verify_RMS_MSISDNSTATUS_MSISDN -->
  <testcase name="verify_RMS_Login_InvalidPassword" time="0.0" classname="com.jawwy.modules.Jawwy_RMS">
    <ignored/>
  </testcase> <!-- verify_RMS_Login_InvalidPassword -->
  <testcase name="verify_RMS_Login" time="0.0" classname="com.jawwy.modules.Jawwy_RMS">
    <ignored/>
  </testcase> <!-- verify_RMS_Login -->
</testsuite> <!-- verify_RMS_SIMSTATUS_BARRED_MSISDN -->
