<?xml version="1.0" encoding="UTF-8"?>
<!-- Generated by org.testng.reporters.JUnitXMLReporter -->
<testsuite hostname="SCPrWSAP22" ignored="14" name="verify_ViewCommissionConfigListSearch" tests="1" failures="0" timestamp="03 Apr 2019 10:19:22 GMT" time="61.69" errors="0">
  <testcase name="verify_ViewCommissionConfigListSearch" time="54.995" classname="com.jawwy.modules.Jawwy_ADM_Portal"/>
  <testcase name="verify_NewAgentCreation" time="0.0" classname="com.jawwy.modules.Jawwy_ADM_Portal">
    <ignored/>
  </testcase> <!-- verify_NewAgentCreation -->
  <testcase name="verify_UploadAgentUserFile" time="0.0" classname="com.jawwy.modules.Jawwy_ADM_Portal">
    <ignored/>
  </testcase> <!-- verify_UploadAgentUserFile -->
  <testcase name="verify_NewLocationCreation" time="0.0" classname="com.jawwy.modules.Jawwy_ADM_Portal">
    <ignored/>
  </testcase> <!-- verify_NewLocationCreation -->
  <testcase name="verify_UploadDistributorFile" time="0.0" classname="com.jawwy.modules.Jawwy_ADM_Portal">
    <ignored/>
  </testcase> <!-- verify_UploadDistributorFile -->
  <testcase name="verify_NewDistributorCreation" time="0.0" classname="com.jawwy.modules.Jawwy_ADM_Portal">
    <ignored/>
  </testcase> <!-- verify_NewDistributorCreation -->
  <testcase name="verify_ViewAgentListSearch" time="0.0" classname="com.jawwy.modules.Jawwy_ADM_Portal">
    <ignored/>
  </testcase> <!-- verify_ViewAgentListSearch -->
  <testcase name="verify_UploadLocationUserFile" time="0.0" classname="com.jawwy.modules.Jawwy_ADM_Portal">
    <ignored/>
  </testcase> <!-- verify_UploadLocationUserFile -->
  <testcase name="verify_UploadDealerFile" time="0.0" classname="com.jawwy.modules.Jawwy_ADM_Portal">
    <ignored/>
  </testcase> <!-- verify_UploadDealerFile -->
  <testcase name="verify_ViewDistributorListSearch" time="0.0" classname="com.jawwy.modules.Jawwy_ADM_Portal">
    <ignored/>
  </testcase> <!-- verify_ViewDistributorListSearch -->
  <testcase name="verify_ViewCommissionListSearch" time="0.0" classname="com.jawwy.modules.Jawwy_ADM_Portal">
    <ignored/>
  </testcase> <!-- verify_ViewCommissionListSearch -->
  <testcase name="verify_ViewLocationListSearch" time="0.0" classname="com.jawwy.modules.Jawwy_ADM_Portal">
    <ignored/>
  </testcase> <!-- verify_ViewLocationListSearch -->
  <testcase name="verify_ViewDealerListSearch" time="0.0" classname="com.jawwy.modules.Jawwy_ADM_Portal">
    <ignored/>
  </testcase> <!-- verify_ViewDealerListSearch -->
  <testcase name="verify_NewCommissionCreation" time="0.0" classname="com.jawwy.modules.Jawwy_ADM_Portal">
    <ignored/>
  </testcase> <!-- verify_NewCommissionCreation -->
  <testcase name="verify_NewDealerCreation" time="0.0" classname="com.jawwy.modules.Jawwy_ADM_Portal">
    <ignored/>
  </testcase> <!-- verify_NewDealerCreation -->
</testsuite> <!-- verify_ViewCommissionConfigListSearch -->
