<?xml version="1.0" encoding="UTF-8"?>
<!-- Generated by org.testng.reporters.JUnitXMLReporter -->
<testsuite hostname="SAPP-JW-Alfresco" ignored="2" name="verify_Notification_Details_OMS_StndOrder_FingerPrint" tests="1" failures="0" timestamp="10 May 2019 07:46:59 GMT" time="83.565" errors="0">
  <testcase name="verify_Notification_Details_ICCID_ActiveCheck" time="74.733" classname="com.jawwy.modules.Jawwy_OMS"/>
  <testcase name="verify_Notification_Details_ICCID" time="0.0" classname="com.jawwy.modules.Jawwy_OMS">
    <ignored/>
  </testcase> <!-- verify_Notification_Details_ICCID -->
  <testcase name="verify_Notification_Details_OrderID" time="0.0" classname="com.jawwy.modules.Jawwy_OMS">
    <ignored/>
  </testcase> <!-- verify_Notification_Details_OrderID -->
</testsuite> <!-- verify_Notification_Details_OMS_StndOrder_FingerPrint -->
