<?xml version="1.0" encoding="UTF-8"?>
<!-- Generated by org.testng.reporters.JUnitXMLReporter -->
<testsuite hostname="SCPrWSAP22" ignored="2" name="verify_NewDistributorCreation" tests="1" failures="0" timestamp="29 Mar 2019 12:53:22 GMT" time="24.122" errors="0">
  <testcase name="verify_NewDistributorCreation" time="16.958" classname="com.jawwy.modules.Jawwy_ADM_Portal"/>
  <testcase name="verify_NewLocationCreation" time="0.0" classname="com.jawwy.modules.Jawwy_ADM_Portal">
    <ignored/>
  </testcase> <!-- verify_NewLocationCreation -->
  <testcase name="verify_NewDealerCreation" time="0.0" classname="com.jawwy.modules.Jawwy_ADM_Portal">
    <ignored/>
  </testcase> <!-- verify_NewDealerCreation -->
</testsuite> <!-- verify_NewDistributorCreation -->
