<?xml version="1.0" encoding="UTF-8"?>
<!-- Generated by org.testng.reporters.JUnitXMLReporter -->
<testsuite hostname="SCPrWSAP22" ignored="6" name="verify_UploadLocationUserFile" tests="1" failures="1" timestamp="01 Apr 2019 11:31:49 GMT" time="49.895" errors="0">
  <testcase name="verify_UploadLocationUserFile" time="43.355" classname="com.jawwy.modules.Jawwy_ADM_Portal">
    <failure type="java.lang.AssertionError">
      <![CDATA[java.lang.AssertionError
at org.junit.Assert.fail(Assert.java:86)
at org.junit.Assert.assertTrue(Assert.java:41)
at org.junit.Assert.assertTrue(Assert.java:52)
at com.jawwy.modules.Jawwy_ADM_Portal.verify_UploadLocationUserFile(Jawwy_ADM_Portal.java:817)
... Removed 25 stack frames]]>
    </failure>
  </testcase> <!-- verify_UploadLocationUserFile -->
  <testcase name="verify_NewAgentCreation" time="0.0" classname="com.jawwy.modules.Jawwy_ADM_Portal">
    <ignored/>
  </testcase> <!-- verify_NewAgentCreation -->
  <testcase name="verify_NewLocationCreation" time="0.0" classname="com.jawwy.modules.Jawwy_ADM_Portal">
    <ignored/>
  </testcase> <!-- verify_NewLocationCreation -->
  <testcase name="verify_NewDistributorCreation" time="0.0" classname="com.jawwy.modules.Jawwy_ADM_Portal">
    <ignored/>
  </testcase> <!-- verify_NewDistributorCreation -->
  <testcase name="verify_UploadDistributorFile" time="0.0" classname="com.jawwy.modules.Jawwy_ADM_Portal">
    <ignored/>
  </testcase> <!-- verify_UploadDistributorFile -->
  <testcase name="verify_NewDealerCreation" time="0.0" classname="com.jawwy.modules.Jawwy_ADM_Portal">
    <ignored/>
  </testcase> <!-- verify_NewDealerCreation -->
  <testcase name="verify_UploadDealerFile" time="0.0" classname="com.jawwy.modules.Jawwy_ADM_Portal">
    <ignored/>
  </testcase> <!-- verify_UploadDealerFile -->
</testsuite> <!-- verify_UploadLocationUserFile -->
