<?xml version="1.0" encoding="UTF-8"?>
<!-- Generated by org.testng.reporters.JUnitXMLReporter -->
<testsuite hostname="SAPP-JW-Alfresco" ignored="7" name="verify_StandaryDelivery30SARSIMDiscountOrderCreation" tests="1" failures="0" timestamp="07 May 2019 06:36:30 GMT" time="218.924" errors="0">
  <testcase name="verify_StandaryDelivery30SARSIMDiscountOrderCreation" time="188.095" classname="com.jawwy.modules.Jawwy_Estore"/>
  <testcase name="verify_ConfirmedOrderCancellation" time="0.0" classname="com.jawwy.modules.Jawwy_Estore">
    <ignored/>
  </testcase> <!-- verify_ConfirmedOrderCancellation -->
  <testcase name="verify_OrderTrackStatus" time="0.0" classname="com.jawwy.modules.Jawwy_Estore">
    <ignored/>
  </testcase> <!-- verify_OrderTrackStatus -->
  <testcase name="verify_StandaryDeliveryBundleOrderCreation" time="0.0" classname="com.jawwy.modules.Jawwy_Estore">
    <ignored/>
  </testcase> <!-- verify_StandaryDeliveryBundleOrderCreation -->
  <testcase name="verify_StandaryDeliveryPhoneOrderCreation" time="0.0" classname="com.jawwy.modules.Jawwy_Estore">
    <ignored/>
  </testcase> <!-- verify_StandaryDeliveryPhoneOrderCreation -->
  <testcase name="verify_StandaryDeliveryDiscountBundleOrderCreation" time="0.0" classname="com.jawwy.modules.Jawwy_Estore">
    <ignored/>
  </testcase> <!-- verify_StandaryDeliveryDiscountBundleOrderCreation -->
  <testcase name="verify_StandaryDelivery30SARSIMOrderCreation" time="0.0" classname="com.jawwy.modules.Jawwy_Estore">
    <ignored/>
  </testcase> <!-- verify_StandaryDelivery30SARSIMOrderCreation -->
  <testcase name="verify_ClickandCollect30SARSIMOrderCreation" time="0.0" classname="com.jawwy.modules.Jawwy_Estore">
    <ignored/>
  </testcase> <!-- verify_ClickandCollect30SARSIMOrderCreation -->
</testsuite> <!-- verify_StandaryDelivery30SARSIMDiscountOrderCreation -->
