<?xml version="1.0" encoding="UTF-8"?>
<!-- Generated by org.testng.reporters.JUnitXMLReporter -->
<testsuite hostname="SAPP-JW-Alfresco" ignored="3" name="verify_Notification_Details_OMS_StndOrder_ActiveProvisionConfirm" tests="1" failures="0" timestamp="13 May 2019 07:49:46 GMT" time="36.505" errors="0">
  <testcase name="verify_Notification_Details_MSISDN_ActiveCheck" time="28.522" classname="com.jawwy.modules.Jawwy_OMS"/>
  <testcase name="verify_Notification_Details_ICCID" time="0.0" classname="com.jawwy.modules.Jawwy_OMS">
    <ignored/>
  </testcase> <!-- verify_Notification_Details_ICCID -->
  <testcase name="verify_Notification_Details_ICCID_ActiveCheck" time="0.0" classname="com.jawwy.modules.Jawwy_OMS">
    <ignored/>
  </testcase> <!-- verify_Notification_Details_ICCID_ActiveCheck -->
  <testcase name="verify_Notification_Details_OrderID" time="0.0" classname="com.jawwy.modules.Jawwy_OMS">
    <ignored/>
  </testcase> <!-- verify_Notification_Details_OrderID -->
</testsuite> <!-- verify_Notification_Details_OMS_StndOrder_ActiveProvisionConfirm -->
