<?xml version="1.0" encoding="UTF-8"?>
<!-- Generated by org.testng.reporters.JUnitXMLReporter -->
<testsuite hostname="SCPrWSAP22" ignored="1" name="verify_ViaArabiaOrderSearchTRUE_FALSE_LOGS" tests="1" failures="0" timestamp="29 Apr 2019 10:46:35 GMT" time="26.638" errors="0">
  <testcase name="verify_ViaArabiaOrderSearchTRUE_FALSE_LOGS" time="19.905" classname="com.jawwy.modules.Jawwy_ViaArabia"/>
  <testcase name="verify_ViaArabiaOrderSearch" time="0.0" classname="com.jawwy.modules.Jawwy_ViaArabia">
    <ignored/>
  </testcase> <!-- verify_ViaArabiaOrderSearch -->
</testsuite> <!-- verify_ViaArabiaOrderSearchTRUE_FALSE_LOGS -->
