<?xml version="1.0" encoding="UTF-8"?>
<!-- Generated by org.testng.reporters.JUnitXMLReporter -->
<testsuite hostname="SCPrWSAP22" ignored="9" name="verify_ViewLocationListSearch" tests="1" failures="0" timestamp="02 Apr 2019 08:44:55 GMT" time="115.271" errors="0">
  <testcase name="verify_ViewLocationListSearch" time="109.178" classname="com.jawwy.modules.Jawwy_ADM_Portal"/>
  <testcase name="verify_NewAgentCreation" time="0.0" classname="com.jawwy.modules.Jawwy_ADM_Portal">
    <ignored/>
  </testcase> <!-- verify_NewAgentCreation -->
  <testcase name="verify_UploadAgentUserFile" time="0.0" classname="com.jawwy.modules.Jawwy_ADM_Portal">
    <ignored/>
  </testcase> <!-- verify_UploadAgentUserFile -->
  <testcase name="verify_NewLocationCreation" time="0.0" classname="com.jawwy.modules.Jawwy_ADM_Portal">
    <ignored/>
  </testcase> <!-- verify_NewLocationCreation -->
  <testcase name="verify_NewDistributorListSearch" time="0.0" classname="com.jawwy.modules.Jawwy_ADM_Portal">
    <ignored/>
  </testcase> <!-- verify_NewDistributorListSearch -->
  <testcase name="verify_NewDistributorCreation" time="0.0" classname="com.jawwy.modules.Jawwy_ADM_Portal">
    <ignored/>
  </testcase> <!-- verify_NewDistributorCreation -->
  <testcase name="verify_UploadDistributorFile" time="0.0" classname="com.jawwy.modules.Jawwy_ADM_Portal">
    <ignored/>
  </testcase> <!-- verify_UploadDistributorFile -->
  <testcase name="verify_UploadLocationUserFile" time="0.0" classname="com.jawwy.modules.Jawwy_ADM_Portal">
    <ignored/>
  </testcase> <!-- verify_UploadLocationUserFile -->
  <testcase name="verify_NewDealerCreation" time="0.0" classname="com.jawwy.modules.Jawwy_ADM_Portal">
    <ignored/>
  </testcase> <!-- verify_NewDealerCreation -->
  <testcase name="verify_UploadDealerFile" time="0.0" classname="com.jawwy.modules.Jawwy_ADM_Portal">
    <ignored/>
  </testcase> <!-- verify_UploadDealerFile -->
</testsuite> <!-- verify_ViewLocationListSearch -->
