<?xml version="1.0" encoding="UTF-8"?>
<!-- Generated by org.testng.reporters.JUnitXMLReporter -->
<testsuite hostname="SCPrWSAP22" ignored="21" name="verify_SugarCRM_Search_HotCustTypeContacts" tests="1" failures="0" timestamp="23 Apr 2019 14:05:35 GMT" time="61.792" errors="0">
  <testcase name="verify_SugarCRM_Search_CustTypeContacts" time="55.524" classname="com.jawwy.modules.Jawwy_SugarCRM"/>
  <testcase name="verify_SugarCRM_TelcoEstoreOrdersContacts" time="0.0" classname="com.jawwy.modules.Jawwy_SugarCRM">
    <ignored/>
  </testcase> <!-- verify_SugarCRM_TelcoEstoreOrdersContacts -->
  <testcase name="verify_SugarCRM_EstoreOrdersStatusContacts" time="0.0" classname="com.jawwy.modules.Jawwy_SugarCRM">
    <ignored/>
  </testcase> <!-- verify_SugarCRM_EstoreOrdersStatusContacts -->
  <testcase name="verify_SugarCRMOrderIdSearch" time="0.0" classname="com.jawwy.modules.Jawwy_SugarCRM">
    <ignored/>
  </testcase> <!-- verify_SugarCRMOrderIdSearch -->
  <testcase name="verify_SugarCRM_CaseCreation_ContactPage" time="0.0" classname="com.jawwy.modules.Jawwy_SugarCRM">
    <ignored/>
  </testcase> <!-- verify_SugarCRM_CaseCreation_ContactPage -->
  <testcase name="verify_SugarCRM_Search_EditCase_MSISDNList" time="0.0" classname="com.jawwy.modules.Jawwy_SugarCRM">
    <ignored/>
  </testcase> <!-- verify_SugarCRM_Search_EditCase_MSISDNList -->
  <testcase name="verify_SugarCRM_AddressContractsDocsContacts" time="0.0" classname="com.jawwy.modules.Jawwy_SugarCRM">
    <ignored/>
  </testcase> <!-- verify_SugarCRM_AddressContractsDocsContacts -->
  <testcase name="verify_SugarCRM_BarMSISDN" time="0.0" classname="com.jawwy.modules.Jawwy_SugarCRM">
    <ignored/>
  </testcase> <!-- verify_SugarCRM_BarMSISDN -->
  <testcase name="verify_SugarCRM_MSISDNSearch" time="0.0" classname="com.jawwy.modules.Jawwy_SugarCRM">
    <ignored/>
  </testcase> <!-- verify_SugarCRM_MSISDNSearch -->
  <testcase name="verify_SugarCRM_CaseCreation_CasePage" time="0.0" classname="com.jawwy.modules.Jawwy_SugarCRM">
    <ignored/>
  </testcase> <!-- verify_SugarCRM_CaseCreation_CasePage -->
  <testcase name="verify_SugarCRM_CaseCreation_AssignCase" time="0.0" classname="com.jawwy.modules.Jawwy_SugarCRM">
    <ignored/>
  </testcase> <!-- verify_SugarCRM_CaseCreation_AssignCase -->
  <testcase name="verify_SugarCRM_RefferalContacts" time="0.0" classname="com.jawwy.modules.Jawwy_SugarCRM">
    <ignored/>
  </testcase> <!-- verify_SugarCRM_RefferalContacts -->
  <testcase name="verify_SugarCRM_UnBarSubList" time="0.0" classname="com.jawwy.modules.Jawwy_SugarCRM">
    <ignored/>
  </testcase> <!-- verify_SugarCRM_UnBarSubList -->
  <testcase name="verify_SugarCRM_BarSubList" time="0.0" classname="com.jawwy.modules.Jawwy_SugarCRM">
    <ignored/>
  </testcase> <!-- verify_SugarCRM_BarSubList -->
  <testcase name="verify_SugarCRM_SearchCase_L1AssignOneHour" time="0.0" classname="com.jawwy.modules.Jawwy_SugarCRM">
    <ignored/>
  </testcase> <!-- verify_SugarCRM_SearchCase_L1AssignOneHour -->
  <testcase name="verify_SugarCRM_SearchEditContacts" time="0.0" classname="com.jawwy.modules.Jawwy_SugarCRM">
    <ignored/>
  </testcase> <!-- verify_SugarCRM_SearchEditContacts -->
  <testcase name="verify_SugarCRMLogin" time="0.0" classname="com.jawwy.modules.Jawwy_SugarCRM">
    <ignored/>
  </testcase> <!-- verify_SugarCRMLogin -->
  <testcase name="verify_SugarCRM_ViewContacts" time="0.0" classname="com.jawwy.modules.Jawwy_SugarCRM">
    <ignored/>
  </testcase> <!-- verify_SugarCRM_ViewContacts -->
  <testcase name="verify_SugarCRM_SearchCaseFilter" time="0.0" classname="com.jawwy.modules.Jawwy_SugarCRM">
    <ignored/>
  </testcase> <!-- verify_SugarCRM_SearchCaseFilter -->
  <testcase name="verify_SugarCRM_Search_EditCase_CategoryError" time="0.0" classname="com.jawwy.modules.Jawwy_SugarCRM">
    <ignored/>
  </testcase> <!-- verify_SugarCRM_Search_EditCase_CategoryError -->
  <testcase name="verify_SugarCRM_CaseCreationError_CasePage" time="0.0" classname="com.jawwy.modules.Jawwy_SugarCRM">
    <ignored/>
  </testcase> <!-- verify_SugarCRM_CaseCreationError_CasePage -->
  <testcase name="verify_SugarCRM_UnBarMSISDN" time="0.0" classname="com.jawwy.modules.Jawwy_SugarCRM">
    <ignored/>
  </testcase> <!-- verify_SugarCRM_UnBarMSISDN -->
</testsuite> <!-- verify_SugarCRM_Search_HotCustTypeContacts -->
