<?xml version="1.0" encoding="UTF-8"?>
<!-- Generated by org.testng.reporters.JUnitXMLReporter -->
<testsuite hostname="SCPrWSAP22" ignored="0" name="verify_Notification_TemplateID25" tests="1" failures="1" timestamp="02 May 2019 06:42:52 GMT" time="15.283" errors="0">
  <testcase name="verify_Notification_TemplateID" time="13.015" classname="com.jawwy.modules.Jawwy_ODC">
    <failure type="java.lang.AssertionError">
      <![CDATA[java.lang.AssertionError
at org.junit.Assert.fail(Assert.java:86)
at org.junit.Assert.assertTrue(Assert.java:41)
at org.junit.Assert.assertTrue(Assert.java:52)
at com.jawwy.modules.Jawwy_ODC.verify_Notification_TemplateID(Jawwy_ODC.java:149)
... Removed 25 stack frames]]>
    </failure>
  </testcase> <!-- verify_Notification_TemplateID -->
</testsuite> <!-- verify_Notification_TemplateID25 -->
