<?xml version="1.0" encoding="UTF-8"?>
<!-- Generated by org.testng.reporters.JUnitXMLReporter -->
<testsuite hostname="SAPP-JW-Alfresco" ignored="1" name="verify_ViaArabiaOrderSearch" tests="1" failures="0" timestamp="05 May 2019 17:05:18 GMT" time="54.9" errors="0">
  <testcase name="verify_ViaArabiaOrderSearch" time="42.187" classname="com.jawwy.modules.Jawwy_ViaArabia"/>
  <testcase name="verify_ViaArabiaOrderSearchTRUE_FALSE_LOGS" time="0.0" classname="com.jawwy.modules.Jawwy_ViaArabia">
    <ignored/>
  </testcase> <!-- verify_ViaArabiaOrderSearchTRUE_FALSE_LOGS -->
</testsuite> <!-- verify_ViaArabiaOrderSearch -->
