<?xml version="1.0" encoding="UTF-8"?>
<!-- Generated by org.testng.reporters.JUnitXMLReporter -->
<testsuite hostname="SCPrWSAP22" ignored="5" name="verify_SugarCRM_TelcoEstoreOrders" tests="1" failures="0" timestamp="10 Apr 2019 09:07:39 GMT" time="52.436" errors="0">
  <testcase name="verify_SugarCRM_TelcoEstoreOrders" time="45.584" classname="com.jawwy.modules.Jawwy_SugarCRM"/>
  <testcase name="verify_SugarCRMOrderIdSearch" time="0.0" classname="com.jawwy.modules.Jawwy_SugarCRM">
    <ignored/>
  </testcase> <!-- verify_SugarCRMOrderIdSearch -->
  <testcase name="verify_SugarCRM_SearchEditContacts" time="0.0" classname="com.jawwy.modules.Jawwy_SugarCRM">
    <ignored/>
  </testcase> <!-- verify_SugarCRM_SearchEditContacts -->
  <testcase name="verify_SugarCRMLogin" time="0.0" classname="com.jawwy.modules.Jawwy_SugarCRM">
    <ignored/>
  </testcase> <!-- verify_SugarCRMLogin -->
  <testcase name="verify_SugarCRM_ViewContacts" time="0.0" classname="com.jawwy.modules.Jawwy_SugarCRM">
    <ignored/>
  </testcase> <!-- verify_SugarCRM_ViewContacts -->
  <testcase name="verify_SugarCRM_MSISDNSearch" time="0.0" classname="com.jawwy.modules.Jawwy_SugarCRM">
    <ignored/>
  </testcase> <!-- verify_SugarCRM_MSISDNSearch -->
</testsuite> <!-- verify_SugarCRM_TelcoEstoreOrders -->
