<?xml version="1.0" encoding="UTF-8"?>
<!-- Generated by org.testng.reporters.JUnitXMLReporter -->
<testsuite hostname="SAPP-JW-Alfresco" ignored="11" name="verify_StandaryDelivery_30SARSIM_MNPOrderCreation" tests="1" failures="0" timestamp="08 May 2019 07:14:40 GMT" time="364.492" errors="0">
  <testcase name="verify_StandaryDelivery_30SARSIM_MNPOrderCreation" time="328.013" classname="com.jawwy.modules.Jawwy_Estore"/>
  <testcase name="verify_ConfirmedOrderCancellation" time="0.0" classname="com.jawwy.modules.Jawwy_Estore">
    <ignored/>
  </testcase> <!-- verify_ConfirmedOrderCancellation -->
  <testcase name="verify_OrderTrackStatus" time="0.0" classname="com.jawwy.modules.Jawwy_Estore">
    <ignored/>
  </testcase> <!-- verify_OrderTrackStatus -->
  <testcase name="verify_StandaryDeliveryBundleOrderCreation" time="0.0" classname="com.jawwy.modules.Jawwy_Estore">
    <ignored/>
  </testcase> <!-- verify_StandaryDeliveryBundleOrderCreation -->
  <testcase name="verify_InitiateChatSupport_JawwyEstore" time="0.0" classname="com.jawwy.modules.Jawwy_Estore">
    <ignored/>
  </testcase> <!-- verify_InitiateChatSupport_JawwyEstore -->
  <testcase name="verify_StandaryDelivery_PayEasyEnabled" time="0.0" classname="com.jawwy.modules.Jawwy_Estore">
    <ignored/>
  </testcase> <!-- verify_StandaryDelivery_PayEasyEnabled -->
  <testcase name="verify_StandaryDeliveryPhoneOrderCreation" time="0.0" classname="com.jawwy.modules.Jawwy_Estore">
    <ignored/>
  </testcase> <!-- verify_StandaryDeliveryPhoneOrderCreation -->
  <testcase name="verify_StandaryDeliveryDiscountBundleOrderCreation" time="0.0" classname="com.jawwy.modules.Jawwy_Estore">
    <ignored/>
  </testcase> <!-- verify_StandaryDeliveryDiscountBundleOrderCreation -->
  <testcase name="verify_StandaryDelivery30SARSIMOrderCreation" time="0.0" classname="com.jawwy.modules.Jawwy_Estore">
    <ignored/>
  </testcase> <!-- verify_StandaryDelivery30SARSIMOrderCreation -->
  <testcase name="verify_ClickandCollect30SARSIMOrderCreation" time="0.0" classname="com.jawwy.modules.Jawwy_Estore">
    <ignored/>
  </testcase> <!-- verify_ClickandCollect30SARSIMOrderCreation -->
  <testcase name="verify_StandaryDelivery_PayEasyDisabled" time="0.0" classname="com.jawwy.modules.Jawwy_Estore">
    <ignored/>
  </testcase> <!-- verify_StandaryDelivery_PayEasyDisabled -->
  <testcase name="verify_StandaryDelivery30SARSIMDiscountOrderCreation" time="0.0" classname="com.jawwy.modules.Jawwy_Estore">
    <ignored/>
  </testcase> <!-- verify_StandaryDelivery30SARSIMDiscountOrderCreation -->
</testsuite> <!-- verify_StandaryDelivery_30SARSIM_MNPOrderCreation -->
