<?xml version="1.0" encoding="UTF-8"?>
<!-- Generated by org.testng.reporters.JUnitXMLReporter -->
<testsuite hostname="SAPP-JW-Alfresco" ignored="13" name="verify_SSO_FacebookSignIn_MyProfileUpdate_SSODBCheck" tests="1" failures="0" timestamp="13 May 2019 10:58:00 GMT" time="131.578" errors="0">
  <testcase name="verify_SSO_FacebookSignIn_MyProfileUpdate_SSODBCheck" time="116.619" classname="com.jawwy.modules.Jawwy_SSO"/>
  <testcase name="verify_SSO_FacebookSignIn" time="0.0" classname="com.jawwy.modules.Jawwy_SSO">
    <ignored/>
  </testcase> <!-- verify_SSO_FacebookSignIn -->
  <testcase name="verify_SSO_TwitterSignIn_MyProfileUpdate_SSODBCheck" time="0.0" classname="com.jawwy.modules.Jawwy_SSO">
    <ignored/>
  </testcase> <!-- verify_SSO_TwitterSignIn_MyProfileUpdate_SSODBCheck -->
  <testcase name="verify_SSO_GoogleSignIn_MyProfileUpdate_SSODBCheck" time="0.0" classname="com.jawwy.modules.Jawwy_SSO">
    <ignored/>
  </testcase> <!-- verify_SSO_GoogleSignIn_MyProfileUpdate_SSODBCheck -->
  <testcase name="verify_SSO_GoogleSignIn_MyProfileUpdate" time="0.0" classname="com.jawwy.modules.Jawwy_SSO">
    <ignored/>
  </testcase> <!-- verify_SSO_GoogleSignIn_MyProfileUpdate -->
  <testcase name="verify_SSO_FacebookSignIn_MyProfileUpdate" time="0.0" classname="com.jawwy.modules.Jawwy_SSO">
    <ignored/>
  </testcase> <!-- verify_SSO_FacebookSignIn_MyProfileUpdate -->
  <testcase name="verify_SSOExistingUserMyProfileUpdate" time="0.0" classname="com.jawwy.modules.Jawwy_SSO">
    <ignored/>
  </testcase> <!-- verify_SSOExistingUserMyProfileUpdate -->
  <testcase name="verify_SSOExistingUserMyProfileUpdate_SSODBCheck" time="0.0" classname="com.jawwy.modules.Jawwy_SSO">
    <ignored/>
  </testcase> <!-- verify_SSOExistingUserMyProfileUpdate_SSODBCheck -->
  <testcase name="verify_SSO_TwitterSignIn_MyProfileUpdate" time="0.0" classname="com.jawwy.modules.Jawwy_SSO">
    <ignored/>
  </testcase> <!-- verify_SSO_TwitterSignIn_MyProfileUpdate -->
  <testcase name="verify_SSO_GoogleSignIn" time="0.0" classname="com.jawwy.modules.Jawwy_SSO">
    <ignored/>
  </testcase> <!-- verify_SSO_GoogleSignIn -->
  <testcase name="verify_SSORegisterUser" time="0.0" classname="com.jawwy.modules.Jawwy_SSO">
    <ignored/>
  </testcase> <!-- verify_SSORegisterUser -->
  <testcase name="verify_SSO_TwitterSignIn" time="0.0" classname="com.jawwy.modules.Jawwy_SSO">
    <ignored/>
  </testcase> <!-- verify_SSO_TwitterSignIn -->
  <testcase name="verify_SSOExistingUserLogin" time="0.0" classname="com.jawwy.modules.Jawwy_SSO">
    <ignored/>
  </testcase> <!-- verify_SSOExistingUserLogin -->
  <testcase name="verify_SSO_ForgotPasswordLink" time="0.0" classname="com.jawwy.modules.Jawwy_SSO">
    <ignored/>
  </testcase> <!-- verify_SSO_ForgotPasswordLink -->
</testsuite> <!-- verify_SSO_FacebookSignIn_MyProfileUpdate_SSODBCheck -->
