<?xml version="1.0" encoding="UTF-8"?>
<!-- Generated by org.testng.reporters.JUnitXMLReporter -->
<testsuite hostname="SAPP-JW-Alfresco" ignored="8" name="verify_Notification_TemplateID77" tests="1" failures="0" timestamp="07 May 2019 09:43:51 GMT" time="27.342" errors="0">
  <testcase name="verify_Notification_TemplateID_EMAIL2" time="14.703" classname="com.jawwy.modules.Jawwy_ODC"/>
  <testcase name="verify_Notification_TemplateID38" time="0.0" classname="com.jawwy.modules.Jawwy_ODC">
    <ignored/>
  </testcase> <!-- verify_Notification_TemplateID38 -->
  <testcase name="verify_Notification_TemplateID39" time="0.0" classname="com.jawwy.modules.Jawwy_ODC">
    <ignored/>
  </testcase> <!-- verify_Notification_TemplateID39 -->
  <testcase name="verify_Notification_TemplateID" time="0.0" classname="com.jawwy.modules.Jawwy_ODC">
    <ignored/>
  </testcase> <!-- verify_Notification_TemplateID -->
  <testcase name="verify_Notification_TemplateID_SMS_EMAIL" time="0.0" classname="com.jawwy.modules.Jawwy_ODC">
    <ignored/>
  </testcase> <!-- verify_Notification_TemplateID_SMS_EMAIL -->
  <testcase name="verify_Notification_TemplateID_EMAIL" time="0.0" classname="com.jawwy.modules.Jawwy_ODC">
    <ignored/>
  </testcase> <!-- verify_Notification_TemplateID_EMAIL -->
  <testcase name="verify_Notification_TemplateID37" time="0.0" classname="com.jawwy.modules.Jawwy_ODC">
    <ignored/>
  </testcase> <!-- verify_Notification_TemplateID37 -->
  <testcase name="verify_Notification_TemplateID34" time="0.0" classname="com.jawwy.modules.Jawwy_ODC">
    <ignored/>
  </testcase> <!-- verify_Notification_TemplateID34 -->
  <testcase name="verify_Notification_TemplateID_SMS" time="0.0" classname="com.jawwy.modules.Jawwy_ODC">
    <ignored/>
  </testcase> <!-- verify_Notification_TemplateID_SMS -->
</testsuite> <!-- verify_Notification_TemplateID77 -->
