<?xml version="1.0" encoding="UTF-8"?>
<!-- Generated by org.testng.reporters.JUnitXMLReporter -->
<testsuite hostname="SCPrWSAP22" ignored="3" name="verify_SSO_ForgotPasswordLink" tests="1" failures="1" timestamp="10 Apr 2019 13:18:44 GMT" time="94.559" errors="0">
  <testcase name="verify_SSO_ForgotPasswordLink" time="86.844" classname="com.jawwy.modules.Jawwy_SSO">
    <failure type="java.lang.AssertionError">
      <![CDATA[java.lang.AssertionError
at org.junit.Assert.fail(Assert.java:86)
at org.junit.Assert.assertTrue(Assert.java:41)
at org.junit.Assert.assertTrue(Assert.java:52)
at com.jawwy.modules.Jawwy_SSO.verify_SSO_ForgotPasswordLink(Jawwy_SSO.java:419)
... Removed 25 stack frames]]>
    </failure>
  </testcase> <!-- verify_SSO_ForgotPasswordLink -->
  <testcase name="verify_SSORegisterUser" time="0.0" classname="com.jawwy.modules.Jawwy_SSO">
    <ignored/>
  </testcase> <!-- verify_SSORegisterUser -->
  <testcase name="verify_SSOExistingUserLogin" time="0.0" classname="com.jawwy.modules.Jawwy_SSO">
    <ignored/>
  </testcase> <!-- verify_SSOExistingUserLogin -->
  <testcase name="verify_SSOExistingUserMyProfileUpdate" time="0.0" classname="com.jawwy.modules.Jawwy_SSO">
    <ignored/>
  </testcase> <!-- verify_SSOExistingUserMyProfileUpdate -->
</testsuite> <!-- verify_SSO_ForgotPasswordLink -->
