<?xml version="1.0" encoding="UTF-8"?>
<!-- Generated by org.testng.reporters.JUnitXMLReporter -->
<testsuite hostname="SAPP-JW-Alfresco" ignored="1" name="verify_Notification_Details_OMS_StndOrder_SugarCRM" tests="1" failures="0" timestamp="10 May 2019 06:22:19 GMT" time="27.527" errors="0">
  <testcase name="verify_Notification_Details_OrderID" time="14.632" classname="com.jawwy.modules.Jawwy_OMS"/>
  <testcase name="verify_Notification_Details_ICCID" time="0.0" classname="com.jawwy.modules.Jawwy_OMS">
    <ignored/>
  </testcase> <!-- verify_Notification_Details_ICCID -->
</testsuite> <!-- verify_Notification_Details_OMS_StndOrder_SugarCRM -->
